[2026-02-12 20:08:05] 检测到文件变更，开始同步...
[master dfba8d9] [2026-02-12 20:08] 自动同步文档更新
 3 files changed, 55 insertions(+)
 create mode 100644 .git-sync.log
 create mode 100755 tools/git_sync.sh
[2026-02-12 20:08:05] ⚠️ Push失败(可能未配置远程仓库): fatal: 'origin' does not appear to be a git repository
fatal: Could not read from remote repository.

Please make sure you have the correct access rights
and the repository exists.
[2026-02-12 20:23:52] 检测到文件变更，开始同步...
[master cd352d7] [2026-02-12 20:23] 自动同步文档更新
 3 files changed, 378 insertions(+), 1 deletion(-)
 create mode 100644 trading_plan/2026-02-13-trading-plan.md
[2026-02-12 20:23:52] ⚠️ Push失败(可能未配置远程仓库): fatal: 'origin' does not appear to be a git repository
fatal: Could not read from remote repository.

Please make sure you have the correct access rights
and the repository exists.
[2026-02-12 20:31:56] 检测到文件变更，开始同步...
[master c537c0e] [2026-02-12 20:31] 自动同步文档更新
 9 files changed, 582 insertions(+), 2 deletions(-)
 create mode 100644 quant/quant_template.py
 create mode 100644 study/learning_roadmap.md
 create mode 120000 venv/bin/python
 create mode 120000 venv/bin/python3
 create mode 120000 venv/bin/python3.12
 create mode 120000 venv/lib64
 create mode 100644 venv/pyvenv.cfg
[2026-02-12 20:31:56] ⚠️ Push失败(可能未配置远程仓库): fatal: 'origin' does not appear to be a git repository
fatal: Could not read from remote repository.

Please make sure you have the correct access rights
and the repository exists.
[2026-02-12 21:00:43] 检测到文件变更，开始同步...
[master 926a677] [2026-02-12 21:00] 自动同步文档更新
 4 files changed, 639 insertions(+)
 create mode 100644 docs/sector_rotation_sop.md
 create mode 100644 market_review/2026-02-12-market-review.md
 create mode 100644 study/quant/learning_notes_day1.md
[2026-02-12 21:00:43] ⚠️ Push失败(可能未配置远程仓库): fatal: 'origin' does not appear to be a git repository
fatal: Could not read from remote repository.

Please make sure you have the correct access rights
and the repository exists.
[2026-02-12 21:07:46] 检测到文件变更，开始同步...
[master 797b0f4] [2026-02-12 21:07] 自动同步文档更新
 6 files changed, 1577 insertions(+)
 create mode 100644 docs/ah_market_review_sop.md
 create mode 100644 docs/financial_report_check_sop.md
 create mode 100644 docs/risk_management_sop.md
 create mode 100644 docs/trading_execution_sop.md
 create mode 100644 docs/us_market_review_sop.md
[2026-02-12 21:07:46] ⚠️ Push失败(可能未配置远程仓库): fatal: 'origin' does not appear to be a git repository
fatal: Could not read from remote repository.

Please make sure you have the correct access rights
and the repository exists.
[2026-02-12 21:14:02] 检测到文件变更，开始同步...
[master 4e914f0] [2026-02-12 21:14] 自动同步文档更新
 5 files changed, 406 insertions(+), 619 deletions(-)
 create mode 100644 docs/intraday_monitoring_sop.md
 delete mode 100644 docs/trading_execution_sop.md
 delete mode 100644 docs/us_market_review_sop.md
[2026-02-12 21:14:02] ⚠️ Push失败(可能未配置远程仓库): fatal: 'origin' does not appear to be a git repository
fatal: Could not read from remote repository.

Please make sure you have the correct access rights
and the repository exists.
[2026-02-12 21:21:06] 检测到文件变更，开始同步...
[master 067f482] [2026-02-12 21:21] 自动同步文档更新
 4 files changed, 907 insertions(+)
 create mode 100644 docs/quant_learning_sop.md
 create mode 100644 quant/quant_learning_summary.md
[2026-02-12 21:21:06] ⚠️ Push失败(可能未配置远程仓库): fatal: 'origin' does not appear to be a git repository
fatal: Could not read from remote repository.

Please make sure you have the correct access rights
and the repository exists.
[2026-02-12 21:21:45] 检测到文件变更，开始同步...
[master 31f9205] [2026-02-12 21:21] 自动同步文档更新
 2 files changed, 180 insertions(+)
 create mode 100644 memory/2026-02-12.md
[2026-02-12 21:21:45] ⚠️ Push失败(可能未配置远程仓库): fatal: 'origin' does not appear to be a git repository
fatal: Could not read from remote repository.

Please make sure you have the correct access rights
and the repository exists.
[2026-02-13 08:02:31] 检测到文件变更，开始同步...
[master 408d36f] [2026-02-13 08:02] 自动同步文档更新
 1 file changed, 9 insertions(+)
[2026-02-13 08:02:31] ⚠️ Push失败(可能未配置远程仓库): fatal: 'origin' does not appear to be a git repository
fatal: Could not read from remote repository.

Please make sure you have the correct access rights
and the repository exists.
[2026-02-13 13:14:47] 检测到文件变更，开始同步...
[master 445332c] [2026-02-13 13:14] 自动同步文档更新
 16 files changed, 3233 insertions(+), 9 deletions(-)
 create mode 100644 lingyi_tech_analysis.py
 create mode 100644 market_review/ah_market_2026-02-13.md
 create mode 100644 market_review/us_pre_market_2026-02-13.md
 create mode 100644 stock_analysis/lingyizhizao_002600_analysis.md
 create mode 100644 stock_analysis/lingyizhizao_002600_full_sop.md
 create mode 100644 study/quant/learning_notes_day2.md
 create mode 100644 study/quant/learning_notes_day2_afternoon.md
 create mode 100644 study/quant/learning_notes_day2_summary.md
 create mode 100644 study/quant/learning_notes_day3.md
 create mode 100644 study/quant/multi_factor_strategy_report.md
 create mode 100644 study/quant/pe_factor_backtest_report.md
 create mode 100644 study/quant/vqm_backtest_report.md
 create mode 100644 tools/data_utils.py
 create mode 100644 tools/simple_data_utils.py
[2026-02-13 13:14:47] ⚠️ Push失败(可能未配置远程仓库): fatal: 'origin' does not appear to be a git repository
fatal: Could not read from remote repository.

Please make sure you have the correct access rights
and the repository exists.
[2026-02-18 08:08:12] 检测到文件变更，开始同步...
[master 547b614] [2026-02-18 08:08] 自动同步文档更新
 19 files changed, 4737 insertions(+)
 create mode 100644 data/backtest/vqm_backtest.db
 create mode 100644 docs/vqm_backtest_sop_strict.md
 create mode 100644 docs/vqm_backtest_sop_v3.md
 create mode 100644 quant/backtest_log.txt
 create mode 100644 quant/backtest_realtime.log
 create mode 100644 quant/data_download.log
 create mode 100644 quant/quick_test.py
 create mode 100644 quant/vqm_backtest_summary.json
 create mode 100644 quant/vqm_case_studies.md
 create mode 100644 quant/vqm_daily_trader.py
 create mode 100644 quant/vqm_daily_trading_report.md
 create mode 100644 quant/vqm_demo_quick.py
 create mode 100644 quant/vqm_full_backtest_system.py
 create mode 100644 quant/vqm_monthly_backtest_2018_2024.py
 create mode 100644 quant/vqm_multi_period_backtest.py
 create mode 100644 quant/vqm_real_data_demo.py
 create mode 100644 quant/vqm_strict_backtest_real.py
 create mode 100644 quant/vqm_validation_comparison.md
[2026-02-18 08:08:13] ⚠️ Push失败(可能未配置远程仓库): fatal: 'origin' does not appear to be a git repository
fatal: Could not read from remote repository.

Please make sure you have the correct access rights
and the repository exists.
[2026-02-18 12:11:52] 检测到文件变更，开始同步...
[master 53ef2df] [2026-02-18 12:11] 自动同步文档更新
 17 files changed, 2335 insertions(+)
 create mode 100644 a-sector-analysis.skill
 create mode 100644 a-stock-analysis.skill
 create mode 100644 h-stock-analysis.skill
 create mode 100644 skills/a-sector-analysis/SKILL.md
 create mode 100644 skills/a-sector-analysis/references/rotation_signals.md
 create mode 100644 skills/a-sector-analysis/references/sector_classification.md
 create mode 100644 skills/a-sector-analysis/scripts/sector_tracker.py
 create mode 100644 skills/a-stock-analysis/SKILL.md
 create mode 100644 skills/a-stock-analysis/references/analysis_framework.md
 create mode 100644 skills/a-stock-analysis/references/financial_checklist.md
 create mode 100644 skills/a-stock-analysis/references/risk_management.md
 create mode 100644 skills/a-stock-analysis/scripts/fetch_stock_data.py
 create mode 100644 skills/h-stock-analysis/SKILL.md
 create mode 100644 skills/h-stock-analysis/references/ah_arbitrage.md
 create mode 100644 skills/h-stock-analysis/references/southbound_flow.md
 create mode 100644 skills/h-stock-analysis/scripts/hk_stock_data.py
[2026-02-18 12:11:52] ⚠️ Push失败(可能未配置远程仓库): fatal: 'origin' does not appear to be a git repository
fatal: Could not read from remote repository.

Please make sure you have the correct access rights
and the repository exists.
[2026-02-19 08:01:08] 检测到文件变更，开始同步...
[master cb91eff] [2026-02-19 08:01] 自动同步文档更新
 12 files changed, 736 insertions(+)
 create mode 100644 .gitignore
 create mode 100644 .qmdrc.json
 create mode 100644 docs/qmd_tool_guide.md
 create mode 100644 docs/qmd_usage_guide.md
 create mode 100755 tools/md_compress.py
 create mode 100755 tools/qmd_compress.sh
 create mode 120000 venv-qmd/bin/python
 create mode 120000 venv-qmd/bin/python3
 create mode 120000 venv-qmd/bin/python3.12
 create mode 120000 venv-qmd/lib64
 create mode 100644 venv-qmd/pyvenv.cfg
[2026-02-19 08:01:11] ✅ 同步成功: [2026-02-19 08:01] 自动同步文档更新
[2026-02-19 10:16:29] 检测到文件变更，开始同步...
[master 1b1fdfa] [2026-02-19 10:16] 自动同步文档更新
 2 files changed, 25 insertions(+), 2 deletions(-)
[2026-02-19 10:16:33] ✅ 同步成功: [2026-02-19 10:16] 自动同步文档更新
[2026-02-19 12:26:28] 无变更，跳过同步
[2026-02-19 13:56:30] 无变更，跳过同步
[2026-02-19 16:26:36] 无变更，跳过同步
[2026-02-19 18:26:34] 无变更，跳过同步
[2026-02-19 20:16:39] 无变更，跳过同步
[2026-02-20 08:06:22] 无变更，跳过同步
[2026-02-20 16:00:45] 无变更，跳过同步
[2026-02-20 17:00:46] 无变更，跳过同步
[2026-02-20 18:03:25] 无变更，跳过同步
[2026-02-20 19:00:46] 无变更，跳过同步
