[2026-03-04 13:29:47,172] ======================================================================
[2026-03-04 13:29:47,172] 2018-2025年历史数据回补 - 后台任务
[2026-03-04 13:29:47,173] ======================================================================
[2026-03-04 13:29:47,520] 共1942个交易日 (2018-2025)
[2026-03-04 13:29:47,536] 已存在: 3天
[2026-03-04 13:29:47,536] 待回补: 1939天
[2026-03-04 13:29:49,977] [1/1939] 20251231 | 已用时:0.0min 速度:24.6天/min 预计剩余:79min
[2026-03-04 13:30:13,103] [10/1939] 20251218 | 已用时:0.4min 速度:23.5天/min 预计剩余:82min
[2026-03-04 13:30:40,073] [20/1939] 20251204 | 已用时:0.9min 速度:22.8天/min 预计剩余:84min
[2026-03-04 13:31:05,844] [30/1939] 20251120 | 已用时:1.3min 速度:23.0天/min 预计剩余:83min
[2026-03-04 13:31:32,336] [40/1939] 20251106 | 已用时:1.7min 速度:22.9天/min 预计剩余:83min
[2026-03-04 13:32:04,865] [50/1939] 20251023 | 已用时:2.3min 速度:21.8天/min 预计剩余:86min
[2026-03-04 13:32:37,204] [60/1939] 20251009 | 已用时:2.8min 速度:21.2天/min 预计剩余:89min
[2026-03-04 13:33:11,437] [70/1939] 20250917 | 已用时:3.4min 速度:20.6天/min 预计剩余:91min
[2026-03-04 13:33:48,786] [80/1939] 20250903 | 已用时:4.0min 速度:19.9天/min 预计剩余:93min
[2026-03-04 13:34:29,241] [90/1939] 20250820 | 已用时:4.7min 速度:19.2天/min 预计剩余:96min
[2026-03-04 13:35:12,756] [100/1939] 20250806 | 已用时:5.4min 速度:18.4天/min 预计剩余:100min
[2026-03-04 13:35:58,227] [110/1939] 20250723 | 已用时:6.2min 速度:17.8天/min 预计剩余:103min
[2026-03-04 13:36:45,233] [120/1939] 20250709 | 已用时:7.0min 速度:17.2天/min 预计剩余:106min
[2026-03-04 13:37:33,151] [130/1939] 20250625 | 已用时:7.8min 速度:16.8天/min 预计剩余:108min
[2026-03-04 13:38:21,693] [140/1939] 20250611 | 已用时:8.6min 速度:16.3天/min 预计剩余:110min
[2026-03-04 13:39:11,271] [150/1939] 20250527 | 已用时:9.4min 速度:16.0天/min 预计剩余:112min
[2026-03-04 13:40:01,361] [160/1939] 20250513 | 已用时:10.2min 速度:15.6天/min 预计剩余:114min
[2026-03-04 13:40:52,270] [170/1939] 20250424 | 已用时:11.1min 速度:15.3天/min 预计剩余:115min
[2026-03-04 13:41:43,696] [180/1939] 20250410 | 已用时:11.9min 速度:15.1天/min 预计剩余:117min
[2026-03-04 13:42:34,790] [190/1939] 20250326 | 已用时:12.8min 速度:14.9天/min 预计剩余:118min
[2026-03-04 13:43:26,405] [200/1939] 20250312 | 已用时:13.6min 速度:14.7天/min 预计剩余:119min
[2026-03-04 13:44:18,274] [210/1939] 20250221 | 已用时:14.5min 速度:14.5天/min 预计剩余:119min
[2026-03-04 13:45:10,737] [220/1939] 20250207 | 已用时:15.4min 速度:14.3天/min 预计剩余:120min
[2026-03-04 13:46:04,227] [230/1939] 20250116 | 已用时:16.3min 速度:14.1天/min 预计剩余:121min
[2026-03-04 13:46:59,611] [240/1939] 20250102 | 已用时:17.2min 速度:14.0天/min 预计剩余:122min
[2026-03-04 13:47:55,489] [250/1939] 20241218 | 已用时:18.1min 速度:13.8天/min 预计剩余:123min
[2026-03-04 13:48:51,830] [260/1939] 20241204 | 已用时:19.1min 速度:13.6天/min 预计剩余:123min
[2026-03-04 13:49:49,106] [270/1939] 20241120 | 已用时:20.0min 速度:13.5天/min 预计剩余:124min
[2026-03-04 13:50:47,098] [280/1939] 20241106 | 已用时:21.0min 速度:13.3天/min 预计剩余:124min
[2026-03-04 13:51:46,773] [290/1939] 20241023 | 已用时:22.0min 速度:13.2天/min 预计剩余:125min
[2026-03-04 13:52:47,396] [300/1939] 20241009 | 已用时:23.0min 速度:13.0天/min 预计剩余:126min
[2026-03-04 13:53:48,533] [310/1939] 20240918 | 已用时:24.0min 速度:12.9天/min 预计剩余:126min
[2026-03-04 13:54:48,831] [320/1939] 20240902 | 已用时:25.0min 速度:12.8天/min 预计剩余:127min
[2026-03-04 13:55:50,402] [330/1939] 20240819 | 已用时:26.0min 速度:12.7天/min 预计剩余:127min
[2026-03-04 13:56:51,983] [340/1939] 20240805 | 已用时:27.1min 速度:12.6天/min 预计剩余:127min
[2026-03-04 13:57:53,980] [350/1939] 20240722 | 已用时:28.1min 速度:12.5天/min 预计剩余:128min
[2026-03-04 13:58:56,340] [360/1939] 20240708 | 已用时:29.1min 速度:12.4天/min 预计剩余:128min
