[2026-03-04 17:11:07,991] ======================================================================
[2026-03-04 17:11:07,991] 2018-2025年历史数据回补 - 断点续传版
[2026-03-04 17:11:07,992] ======================================================================
[2026-03-04 17:11:08,343] 2018-2025年总交易日: 1942天
[2026-03-04 17:11:09,330] 已存在: 646天
[2026-03-04 17:11:09,330] 待回补: 1296天
[2026-03-04 17:11:09,331] 最早待回补: 20230508, 最晚待回补: 20180102
[2026-03-04 17:11:15,849] [1/1296] 20230508 | 已用时:0.1min 速度:9.2天/min 预计剩余:141min
[2026-03-04 17:12:16,355] [10/1296] 20230420 | 已用时:1.1min 速度:9.0天/min 预计剩余:144min
[2026-03-04 17:13:23,013] [20/1296] 20230406 | 已用时:2.2min 速度:9.0天/min 预计剩余:142min
[2026-03-04 17:14:30,233] [30/1296] 20230322 | 已用时:3.3min 速度:9.0天/min 预计剩余:141min
[2026-03-04 17:15:34,283] [40/1296] 20230308 | 已用时:4.4min 速度:9.1天/min 预计剩余:139min
[2026-03-04 17:16:36,803] [50/1296] 20230222 | 已用时:5.5min 速度:9.2天/min 预计剩余:136min
[2026-03-04 17:17:40,334] [60/1296] 20230208 | 已用时:6.5min 速度:9.2天/min 预计剩余:134min
[2026-03-04 17:18:44,802] [70/1296] 20230118 | 已用时:7.6min 速度:9.2天/min 预计剩余:133min
[2026-03-04 17:19:50,718] [80/1296] 20230104 | 已用时:8.7min 速度:9.2天/min 预计剩余:132min
[2026-03-04 17:20:56,778] [90/1296] 20221220 | 已用时:9.8min 速度:9.2天/min 预计剩余:131min
[2026-03-04 17:22:02,561] [100/1296] 20221206 | 已用时:10.9min 速度:9.2天/min 预计剩余:130min
[2026-03-04 17:23:07,260] [110/1296] 20221122 | 已用时:12.0min 速度:9.2天/min 预计剩余:129min
[2026-03-04 17:24:09,243] [120/1296] 20221108 | 已用时:13.0min 速度:9.2天/min 预计剩余:127min
[2026-03-04 17:25:10,030] [130/1296] 20221025 | 已用时:14.0min 速度:9.3天/min 预计剩余:126min
[2026-03-04 17:26:12,417] [140/1296] 20221011 | 已用时:15.1min 速度:9.3天/min 预计剩余:124min
[2026-03-04 17:27:16,539] [150/1296] 20220920 | 已用时:16.1min 速度:9.3天/min 预计剩余:123min
[2026-03-04 17:28:20,798] [160/1296] 20220905 | 已用时:17.2min 速度:9.3天/min 预计剩余:122min
[2026-03-04 17:29:24,958] [170/1296] 20220822 | 已用时:18.3min 速度:9.3天/min 预计剩余:121min
[2026-03-04 17:30:34,807] [180/1296] 20220808 | 已用时:19.4min 速度:9.3天/min 预计剩余:120min
[2026-03-04 17:31:48,051] [190/1296] 20220725 | 已用时:20.6min 速度:9.2天/min 预计剩余:120min
[2026-03-04 17:32:53,373] [200/1296] 20220711 | 已用时:21.7min 速度:9.2天/min 预计剩余:119min
[2026-03-04 17:33:53,082] [210/1296] 20220627 | 已用时:22.7min 速度:9.2天/min 预计剩余:118min
[2026-03-04 17:34:54,788] [220/1296] 20220613 | 已用时:23.8min 速度:9.3天/min 预计剩余:116min
[2026-03-04 17:35:57,506] [230/1296] 20220527 | 已用时:24.8min 速度:9.3天/min 预计剩余:115min
[2026-03-04 17:37:00,273] [240/1296] 20220513 | 已用时:25.8min 速度:9.3天/min 预计剩余:114min
[2026-03-04 17:38:03,682] [250/1296] 20220426 | 已用时:26.9min 速度:9.3天/min 预计剩余:113min
[2026-03-04 17:39:06,264] [260/1296] 20220412 | 已用时:27.9min 速度:9.3天/min 预计剩余:111min
[2026-03-04 17:40:06,440] [270/1296] 20220325 | 已用时:29.0min 速度:9.3天/min 预计剩余:110min
[2026-03-04 17:41:06,025] [280/1296] 20220311 | 已用时:29.9min 速度:9.4天/min 预计剩余:109min
